Polo-APP/Polo/app/build/outputs/logs/manifest-merger-debug-report.txt
-- Merging decision tree log ---
manifest
ADDED from src\main\AndroidManifest.xml:2:1-94:12
INJECTED from src\main\AndroidManifest.xml:2:1-94:12
INJECTED from src\main\AndroidManifest.xml:2:1-94:12
INJECTED from src\main\AndroidManifest.xml:2:1-94:12
MERGED from [com.android.support:design:27.1.1] AndroidManifest.xml:17:1-22:12
MERGED from [com.android.support:appcompat-v7:27.1.1] AndroidManifest.xml:17:1-22:12
MERGED from [com.android.support.constraint:constraint-layout:1.1.0] AndroidManifest.xml:2:1-11:12
MERGED from [com.android.support:cardview-v7:27.1.1] AndroidManifest.xml:17:1-22:12
MERGED from [com.android.support:support-v4:27.1.1] AndroidManifest.xml:17:1-22:12
MERGED from [com.android.support:support-fragment:27.1.1] AndroidManifest.xml:17:1-22:12
MERGED from [com.android.support:animated-vector-drawable:27.1.1] AndroidManifest.xml:17:1-22:12
MERGED from [com.android.support:recyclerview-v7:27.1.1] AndroidManifest.xml:17:1-22:12
MERGED from [com.android.support:support-core-ui:27.1.1] AndroidManifest.xml:17:1-22:12
MERGED from [com.android.support:support-core-utils:27.1.1] AndroidManifest.xml:17:1-22:12
MERGED from [com.android.support:support-vector-drawable:27.1.1] AndroidManifest.xml:17:1-22:12
MERGED from [com.android.support:transition:27.1.1] AndroidManifest.xml:17:1-22:12
MERGED from [com.android.support:support-media-compat:27.1.1] AndroidManifest.xml:17:1-22:12
MERGED from [com.android.support:support-compat:27.1.1] AndroidManifest.xml:17:1-22:12
MERGED from [android.arch.lifecycle:livedata-core:1.1.0] AndroidManifest.xml:17:1-22:12
MERGED from [android.arch.lifecycle:viewmodel:1.1.0] AndroidManifest.xml:17:1-22:12
MERGED from [android.arch.lifecycle:runtime:1.1.0] AndroidManifest.xml:17:1-22:12
MERGED from [android.arch.core:runtime:1.1.0] AndroidManifest.xml:17:1-22:12
INJECTED from src\main\AndroidManifest.xml:2:1-94:12
INJECTED from src\main\AndroidManifest.xml:2:1-94:12
INJECTED from src\main\AndroidManifest.xml:2:1-94:12
	package
		ADDED from src\main\AndroidManifest.xml:3:5-43
		INJECTED from src\main\AndroidManifest.xml
		INJECTED from src\main\AndroidManifest.xml
	android:versionName
		INJECTED from src\main\AndroidManifest.xml
		ADDED from src\main\AndroidManifest.xml:2:1-94:12
		INJECTED from src\main\AndroidManifest.xml
	android:versionCode
		INJECTED from src\main\AndroidManifest.xml
		ADDED from src\main\AndroidManifest.xml:2:1-94:12
		INJECTED from src\main\AndroidManifest.xml
	xmlns:android
		ADDED from src\main\AndroidManifest.xml:2:11-69
uses-permission#android.permission.INTERNET
ADDED from src\main\AndroidManifest.xml:5:5-67
	android:name
		ADDED from src\main\AndroidManifest.xml:5:22-64
application
ADDED from src\main\AndroidManifest.xml:7:5-92:19
MERGED from [com.android.support.constraint:constraint-layout:1.1.0] AndroidManifest.xml:9:5-20
MERGED from [com.android.support.constraint:constraint-layout:1.1.0] AndroidManifest.xml:9:5-20
	android:supportsRtl
		ADDED from src\main\AndroidManifest.xml:12:9-35
	android:label
		ADDED from src\main\AndroidManifest.xml:10:9-41
	android:roundIcon
		ADDED from src\main\AndroidManifest.xml:11:9-52
	android:icon
		ADDED from src\main\AndroidManifest.xml:9:9-47
	android:allowBackup
		ADDED from src\main\AndroidManifest.xml:8:9-35
	android:theme
		ADDED from src\main\AndroidManifest.xml:13:9-40
activity#com.lab_polo_cientifico.polo.Activities.IngresoActivity
ADDED from src\main\AndroidManifest.xml:15:9-21:20
	android:name
		ADDED from src\main\AndroidManifest.xml:15:19-61
intent-filter#action:name:android.intent.action.MAIN+category:name:android.intent.category.LAUNCHER
ADDED from src\main\AndroidManifest.xml:16:13-20:29
action#android.intent.action.MAIN
ADDED from src\main\AndroidManifest.xml:17:17-69
	android:name
		ADDED from src\main\AndroidManifest.xml:17:25-66
category#android.intent.category.LAUNCHER
ADDED from src\main\AndroidManifest.xml:19:17-77
	android:name
		ADDED from src\main\AndroidManifest.xml:19:27-74
activity#com.lab_polo_cientifico.polo.Activities.Menu.PrincipalActivity
ADDED from src\main\AndroidManifest.xml:22:9-71
	android:name
		ADDED from src\main\AndroidManifest.xml:22:19-68
activity#com.lab_polo_cientifico.polo.Activities.Menu.CalendarioMenuActivity
ADDED from src\main\AndroidManifest.xml:23:9-29:20
	android:parentActivityName
		ADDED from src\main\AndroidManifest.xml:25:13-76
	android:name
		ADDED from src\main\AndroidManifest.xml:24:13-67
meta-data#android.support.PARENT_ACTIVITY
ADDED from src\main\AndroidManifest.xml:26:13-28:70
	android:value
		ADDED from src\main\AndroidManifest.xml:28:17-67
	android:name
		ADDED from src\main\AndroidManifest.xml:27:17-63
activity#com.lab_polo_cientifico.polo.Activities.Calendar.HoyCalendarioActivity
ADDED from src\main\AndroidManifest.xml:30:9-36:20
	android:parentActivityName
		ADDED from src\main\AndroidManifest.xml:32:13-76
	android:name
		ADDED from src\main\AndroidManifest.xml:31:13-70
activity#com.lab_polo_cientifico.polo.Activities.Calendar.SemanalCalendarioActivity
ADDED from src\main\AndroidManifest.xml:37:9-43:20
	android:parentActivityName
		ADDED from src\main\AndroidManifest.xml:39:13-76
	android:name
		ADDED from src\main\AndroidManifest.xml:38:13-74
activity#com.lab_polo_cientifico.polo.Activities.Calendar.MensualCalendarioActivity
ADDED from src\main\AndroidManifest.xml:44:9-50:20
	android:parentActivityName
		ADDED from src\main\AndroidManifest.xml:46:13-76
	android:name
		ADDED from src\main\AndroidManifest.xml:45:13-74
activity#com.lab_polo_cientifico.polo.Activities.Menu.BuffetMenuActivity
ADDED from src\main\AndroidManifest.xml:51:9-57:20
	android:parentActivityName
		ADDED from src\main\AndroidManifest.xml:53:13-76
	android:name
		ADDED from src\main\AndroidManifest.xml:52:13-63
activity#com.lab_polo_cientifico.polo.Activities.Bar.ListaComidasBarActivity
ADDED from src\main\AndroidManifest.xml:58:9-64:20
	android:parentActivityName
		ADDED from src\main\AndroidManifest.xml:60:13-77
	android:name
		ADDED from src\main\AndroidManifest.xml:59:13-67
activity#com.lab_polo_cientifico.polo.Activities.Bar.GridComidasBarActivity
ADDED from src\main\AndroidManifest.xml:65:9-71:20
	android:parentActivityName
		ADDED from src\main\AndroidManifest.xml:67:13-77
	android:name
		ADDED from src\main\AndroidManifest.xml:66:13-66
activity#com.lab_polo_cientifico.polo.Activities.Bar.ListaComidasBar2Activity
ADDED from src\main\AndroidManifest.xml:72:9-78:20
	android:parentActivityName
		ADDED from src\main\AndroidManifest.xml:74:13-77
	android:name
		ADDED from src\main\AndroidManifest.xml:73:13-68
activity#com.lab_polo_cientifico.polo.Activities.NoticiasActivity
ADDED from src\main\AndroidManifest.xml:79:9-85:20
	android:parentActivityName
		ADDED from src\main\AndroidManifest.xml:81:13-76
	android:name
		ADDED from src\main\AndroidManifest.xml:80:13-56
activity#com.lab_polo_cientifico.polo.Activities.ClimaActivity
ADDED from src\main\AndroidManifest.xml:86:9-91:20
	android:parentActivityName
		ADDED from src\main\AndroidManifest.xml:87:13-76
	android:name
		ADDED from src\main\AndroidManifest.xml:86:19-59
uses-sdk
INJECTED from src\main\AndroidManifest.xml reason: use-sdk injection requested
INJECTED from src\main\AndroidManifest.xml
INJECTED from src\main\AndroidManifest.xml
MERGED from [com.android.support:design:27.1.1] AndroidManifest.xml:20:5-44
MERGED from [com.android.support:design:27.1.1] AndroidManifest.xml:20:5-44
MERGED from [com.android.support:appcompat-v7:27.1.1] AndroidManifest.xml:20:5-44
MERGED from [com.android.support:appcompat-v7:27.1.1] AndroidManifest.xml:20:5-44
MERGED from [com.android.support.constraint:constraint-layout:1.1.0] AndroidManifest.xml:5:5-7:41
MERGED from [com.android.support.constraint:constraint-layout:1.1.0] AndroidManifest.xml:5:5-7:41
MERGED from [com.android.support:cardview-v7:27.1.1] AndroidManifest.xml:20:5-44
MERGED from [com.android.support:cardview-v7:27.1.1] AndroidManifest.xml:20:5-44
MERGED from [com.android.support:support-v4:27.1.1] AndroidManifest.xml:20:5-44
MERGED from [com.android.support:support-v4:27.1.1] AndroidManifest.xml:20:5-44
MERGED from [com.android.support:support-fragment:27.1.1] AndroidManifest.xml:20:5-44
MERGED from [com.android.support:support-fragment:27.1.1] AndroidManifest.xml:20:5-44
MERGED from [com.android.support:animated-vector-drawable:27.1.1] AndroidManifest.xml:20:5-44
MERGED from [com.android.support:animated-vector-drawable:27.1.1] AndroidManifest.xml:20:5-44
MERGED from [com.android.support:recyclerview-v7:27.1.1] AndroidManifest.xml:20:5-44
MERGED from [com.android.support:recyclerview-v7:27.1.1] AndroidManifest.xml:20:5-44
MERGED from [com.android.support:support-core-ui:27.1.1] AndroidManifest.xml:20:5-44
MERGED from [com.android.support:support-core-ui:27.1.1] AndroidManifest.xml:20:5-44
MERGED from [com.android.support:support-core-utils:27.1.1] AndroidManifest.xml:20:5-44
MERGED from [com.android.support:support-core-utils:27.1.1] AndroidManifest.xml:20:5-44
MERGED from [com.android.support:support-vector-drawable:27.1.1] AndroidManifest.xml:20:5-44
MERGED from [com.android.support:support-vector-drawable:27.1.1] AndroidManifest.xml:20:5-44
MERGED from [com.android.support:transition:27.1.1] AndroidManifest.xml:20:5-44
MERGED from [com.android.support:transition:27.1.1] AndroidManifest.xml:20:5-44
MERGED from [com.android.support:support-media-compat:27.1.1] AndroidManifest.xml:20:5-44
MERGED from [com.android.support:support-media-compat:27.1.1] AndroidManifest.xml:20:5-44
MERGED from [com.android.support:support-compat:27.1.1] AndroidManifest.xml:20:5-44
MERGED from [com.android.support:support-compat:27.1.1] AndroidManifest.xml:20:5-44
MERGED from [android.arch.lifecycle:livedata-core:1.1.0] AndroidManifest.xml:20:5-44
MERGED from [android.arch.lifecycle:livedata-core:1.1.0] AndroidManifest.xml:20:5-44
MERGED from [android.arch.lifecycle:viewmodel:1.1.0] AndroidManifest.xml:20:5-44
MERGED from [android.arch.lifecycle:viewmodel:1.1.0] AndroidManifest.xml:20:5-44
MERGED from [android.arch.lifecycle:runtime:1.1.0] AndroidManifest.xml:20:5-44
MERGED from [android.arch.lifecycle:runtime:1.1.0] AndroidManifest.xml:20:5-44
MERGED from [android.arch.core:runtime:1.1.0] AndroidManifest.xml:20:5-44
MERGED from [android.arch.core:runtime:1.1.0] AndroidManifest.xml:20:5-44
INJECTED from src\main\AndroidManifest.xml
INJECTED from src\main\AndroidManifest.xml
	android:targetSdkVersion
		INJECTED from src\main\AndroidManifest.xml
		ADDED from src\main\AndroidManifest.xml
		INJECTED from src\main\AndroidManifest.xml
	android:minSdkVersion
		INJECTED from src\main\AndroidManifest.xml
		ADDED from src\main\AndroidManifest.xml
		INJECTED from src\main\AndroidManifest.xml